<?xml version="1.0" encoding="utf-8" ?>
<!DOCTYPE html PUBLIC "-//W3C//DTD XHTML 1.0 Strict//EN"
        "http://www.w3.org/TR/xhtml1/DTD/xhtml1-strict.dtd">
<html xmlns="http://www.w3.org/1999/xhtml" xml:lang="" lang="">
<head>
  <title>Test Results Report - Regression Test</title>
  <meta http-equiv="Content-Type" content="text/html;charset=utf-8" />
  <meta name="description" content="TestNG unit test results." />
  <link href="reportng.css" rel="stylesheet" type="text/css" />
    <script type="text/javascript" src="reportng.js"></script>
</head>
<body>
<h1>Regression Test</h1>
<p>
  Test duration: 223.325s
</p>



  <table class="resultsTable">
    <tr><th colspan="3" class="header failed">Failed Tests</th></tr>
          <tr>
        <td colspan="3" class="group">com.tutorialsninja.testsuite.LaptopsAndNotebooksTest</td>
      </tr>
            
<tr>
  <td class="method">
                  verifyThatUserPlaceOrderSuccessfully
      </td>
  <td class="duration">
    25.685s
  </td>
  <td class="result">
        
    
            <div class="testOutput">
                        Hover on laptops and click[[ChromeDriver: chrome on WINDOWS (13a3cc73374562701049b99acfb04cdb)] -&gt; xpath: //a[text()=&apos;Laptops &amp; Notebooks&apos;]]<br />
                                Select menu and clickShow AllLaptops &amp; Notebooks<br />
                                Text from Laptops and Notebooks[[ChromeDriver: chrome on WINDOWS (13a3cc73374562701049b99acfb04cdb)] -&gt; id: input-sort]<br />
                                Price High to Low[[ChromeDriver: chrome on WINDOWS (13a3cc73374562701049b99acfb04cdb)] -&gt; id: input-sort]<br />
                                Select product MacBook[[ChromeDriver: chrome on WINDOWS (13a3cc73374562701049b99acfb04cdb)] -&gt; id: input-sort]<br />
                                Text from MacBook[[ChromeDriver: chrome on WINDOWS (13a3cc73374562701049b99acfb04cdb)] -&gt; xpath: //h1[text()=&apos;MacBook&apos;]]<br />
                                Add to cart Button Link[[ChromeDriver: chrome on WINDOWS (13a3cc73374562701049b99acfb04cdb)] -&gt; css selector: #button-cart]<br />
                                Text from Success[[ChromeDriver: chrome on WINDOWS (13a3cc73374562701049b99acfb04cdb)] -&gt; css selector: .alert.alert-success.alert-dismissible]<br />
                                Link to shipping cart[[ChromeDriver: chrome on WINDOWS (13a3cc73374562701049b99acfb04cdb)] -&gt; css selector: .alert.alert-success.alert-dismissible a:nth-of-type(2)]<br />
                                Text Shopping CartBy.cssSelector: #content&gt;h1<br />
                                Text MacBookBy.xpath: //*[@id=&quot;content&quot;]/form/div/table/tbody/tr/td[2]/a<br />
                                QuantityBy.cssSelector: div.input-group.btn-block&gt;input<br />
                                Text MessageBy.cssSelector: .alert.alert-success.alert-dismissible<br />
                                Text TotalBy.cssSelector: #content &gt; div.row &gt; div &gt; table &gt; tbody &gt; tr:nth-child(4) &gt; td:nth-child(2)<br />
                                Click on check out buttonBy.cssSelector: a.btn.btn-primary<br />
                                Get check out textBy.xpath: //h1[text()=&apos;Checkout&apos;]<br />
                                Get new customer textBy.xpath: //h2[text()=&apos;New Customer&apos;]<br />
                                Click on guest check outBy.cssSelector: input[value=&apos;guest&apos;]<br />
                                Click on continue buttonBy.cssSelector: #button-account<br />
                                 Information <br />
                                Click on continue buttonBy.cssSelector: #button-account<br />
                                Add commentsBy.cssSelector: #button-account<br />
                                Click on terms and conditionsBy.cssSelector: input[type=&apos;checkbox&apos;]<br />
                  </div>
    

        <a href="javascript:toggleElement('exception-0', 'block')" title="Click to expand/collapse"><b>org.openqa.selenium.ElementClickInterceptedException: element click intercepted: Element &lt;input type=&quot;checkbox&quot; name=&quot;agree&quot; value=&quot;1&quot;&gt; is not clickable at point (1741, 748). Other element would receive the click: &lt;div class=&quot;panel-body&quot;&gt;...&lt;/div&gt;<br/>
&nbsp; (Session info: chrome=112.0.5615.140)<br/>
Build info: version: &apos;4.9.0&apos;, revision: &apos;d7057100a6&apos;<br/>
System info: os.name: &apos;Windows 10&apos;, os.arch: &apos;amd64&apos;, os.version: &apos;10.0&apos;, java.version: &apos;1.8.0_121&apos;<br/>
Driver info: org.openqa.selenium.chrome.ChromeDriver<br/>
Command: [13a3cc73374562701049b99acfb04cdb, clickElement {id=b2cc166d-e5bd-4da2-b486-ef9915de0e2c}]<br/>
Capabilities {acceptInsecureCerts: false, browserName: chrome, browserVersion: 112.0.5615.140, chrome: {chromedriverVersion: 112.0.5615.49 (bd2a7bcb881c..., userDataDir: C:\Users\janih\AppData\Loca...}, goog:chromeOptions: {debuggerAddress: localhost:65412}, networkConnectionEnabled: false, pageLoadStrategy: normal, platformName: WINDOWS, proxy: Proxy(), se:cdp: ws://localhost:65412/devtoo..., se:cdpVersion: 112.0.5615.140, setWindowRect: true, strictFileInteractability: false, timeouts: {implicit: 0, pageLoad: 300000, script: 30000}, unhandledPromptBehavior: dismiss and notify, webauthn:extension:credBlob: true, webauthn:extension:largeBlob: true, webauthn:extension:minPinLength: true, webauthn:extension:prf: true, webauthn:virtualAuthenticators: true}<br/>
Element: [[ChromeDriver: chrome on WINDOWS (13a3cc73374562701049b99acfb04cdb)] -&gt; css selector: input[type=&apos;checkbox&apos;]]<br/>
Session ID: 13a3cc73374562701049b99acfb04cdb</b></a><br />
    <div class="stackTrace" id="exception-0">
              sun.reflect.NativeConstructorAccessorImpl.newInstance0(Native Method)<br />
              sun.reflect.NativeConstructorAccessorImpl.newInstance(NativeConstructorAccessorImpl.java:62)<br />
              sun.reflect.DelegatingConstructorAccessorImpl.newInstance(DelegatingConstructorAccessorImpl.java:45)<br />
              java.lang.reflect.Constructor.newInstance(Constructor.java:423)<br />
              org.openqa.selenium.remote.codec.w3c.W3CHttpResponseCodec.createException(W3CHttpResponseCodec.java:200)<br />
              org.openqa.selenium.remote.codec.w3c.W3CHttpResponseCodec.decode(W3CHttpResponseCodec.java:133)<br />
              org.openqa.selenium.remote.codec.w3c.W3CHttpResponseCodec.decode(W3CHttpResponseCodec.java:53)<br />
              org.openqa.selenium.remote.HttpCommandExecutor.execute(HttpCommandExecutor.java:193)<br />
              org.openqa.selenium.remote.service.DriverCommandExecutor.invokeExecute(DriverCommandExecutor.java:183)<br />
              org.openqa.selenium.remote.service.DriverCommandExecutor.execute(DriverCommandExecutor.java:158)<br />
              org.openqa.selenium.remote.RemoteWebDriver.execute(RemoteWebDriver.java:543)<br />
              org.openqa.selenium.remote.RemoteWebElement.execute(RemoteWebElement.java:257)<br />
              org.openqa.selenium.remote.RemoteWebElement.click(RemoteWebElement.java:78)<br />
              com.tutorialsninja.utility.Utilities.clickOnElement(Utilities.java:53)<br />
              com.tutorialsninja.pages.ShoppingCartPage.clickOnTermsAndConditionCheckbox(ShoppingCartPage.java:155)<br />
              com.tutorialsninja.testsuite.LaptopsAndNotebooksTest.verifyThatUserPlaceOrderSuccessfully(LaptopsAndNotebooksTest.java:95)<br />
              sun.reflect.NativeMethodAccessorImpl.invoke0(Native Method)<br />
              sun.reflect.NativeMethodAccessorImpl.invoke(NativeMethodAccessorImpl.java:62)<br />
              sun.reflect.DelegatingMethodAccessorImpl.invoke(DelegatingMethodAccessorImpl.java:43)<br />
              java.lang.reflect.Method.invoke(Method.java:498)<br />
              org.testng.internal.invokers.MethodInvocationHelper.invokeMethod(MethodInvocationHelper.java:135)<br />
              org.testng.internal.invokers.TestInvoker.invokeMethod(TestInvoker.java:673)<br />
              org.testng.internal.invokers.TestInvoker.invokeTestMethod(TestInvoker.java:220)<br />
              org.testng.internal.invokers.MethodRunner.runInSequence(MethodRunner.java:50)<br />
              org.testng.internal.invokers.TestInvoker$MethodInvocationAgent.invoke(TestInvoker.java:945)<br />
              org.testng.internal.invokers.TestInvoker.invokeTestMethods(TestInvoker.java:193)<br />
              org.testng.internal.invokers.TestMethodWorker.invokeTestMethods(TestMethodWorker.java:146)<br />
              org.testng.internal.invokers.TestMethodWorker.run(TestMethodWorker.java:128)<br />
              java.util.ArrayList.forEach(ArrayList.java:1249)<br />
              org.testng.TestRunner.privateRun(TestRunner.java:808)<br />
              org.testng.TestRunner.run(TestRunner.java:603)<br />
              org.testng.SuiteRunner.runTest(SuiteRunner.java:429)<br />
              org.testng.SuiteRunner.runSequentially(SuiteRunner.java:423)<br />
              org.testng.SuiteRunner.privateRun(SuiteRunner.java:383)<br />
              org.testng.SuiteRunner.run(SuiteRunner.java:326)<br />
              org.testng.SuiteRunnerWorker.runSuite(SuiteRunnerWorker.java:52)<br />
              org.testng.SuiteRunnerWorker.run(SuiteRunnerWorker.java:95)<br />
              org.testng.TestNG.runSuitesSequentially(TestNG.java:1249)<br />
              org.testng.TestNG.runSuitesLocally(TestNG.java:1169)<br />
              org.testng.TestNG.runSuites(TestNG.java:1092)<br />
              org.testng.TestNG.run(TestNG.java:1060)<br />
              com.intellij.rt.testng.IDEARemoteTestNG.run(IDEARemoteTestNG.java:66)<br />
              com.intellij.rt.testng.RemoteTestNGStarter.main(RemoteTestNGStarter.java:109)<br />
                </div>
      </td>
</tr>
          <tr>
        <td colspan="3" class="group">com.tutorialsninja.testsuite.MyAccountsTest</td>
      </tr>
            
<tr>
  <td class="method">
                  verifyThatUserRegisterAccountSuccessfully
      </td>
  <td class="duration">
    19.711s
  </td>
  <td class="result">
        
    
            <div class="testOutput">
                        Click on My Account Link[[ChromeDriver: chrome on WINDOWS (706f251382855039c00a7cf9b9d9b5e4)] -&gt; xpath: //span[text()=&apos;My Account&apos;]]<br />
                                Select My account option Register<br />
                                 Information <br />
                                Text Account created[[ChromeDriver: chrome on WINDOWS (706f251382855039c00a7cf9b9d9b5e4)] -&gt; xpath: //h1[text()=&apos;Your Account Has Been Created!&apos;]]<br />
                                Click on Continue Button[[ChromeDriver: chrome on WINDOWS (706f251382855039c00a7cf9b9d9b5e4)] -&gt; css selector: a[class=&apos;btn btn-primary&apos;]]<br />
                                Click on My Account Link[[ChromeDriver: chrome on WINDOWS (706f251382855039c00a7cf9b9d9b5e4)] -&gt; xpath: //span[text()=&apos;My Account&apos;]]<br />
                  </div>
    

        <a href="javascript:toggleElement('exception-1', 'block')" title="Click to expand/collapse"><b>org.openqa.selenium.StaleElementReferenceException: stale element reference: element is not attached to the page document<br/>
&nbsp; (Session info: chrome=112.0.5615.140)<br/>
For documentation on this error, please visit: https://selenium.dev/exceptions/#stale_element_reference<br/>
Build info: version: &apos;4.9.0&apos;, revision: &apos;d7057100a6&apos;<br/>
System info: os.name: &apos;Windows 10&apos;, os.arch: &apos;amd64&apos;, os.version: &apos;10.0&apos;, java.version: &apos;1.8.0_121&apos;<br/>
Driver info: org.openqa.selenium.chrome.ChromeDriver<br/>
Command: [706f251382855039c00a7cf9b9d9b5e4, clickElement {id=06db6774-babb-4465-a45a-492037daf86f}]<br/>
Capabilities {acceptInsecureCerts: false, browserName: chrome, browserVersion: 112.0.5615.140, chrome: {chromedriverVersion: 112.0.5615.49 (bd2a7bcb881c..., userDataDir: C:\Users\janih\AppData\Loca...}, goog:chromeOptions: {debuggerAddress: localhost:65469}, networkConnectionEnabled: false, pageLoadStrategy: normal, platformName: WINDOWS, proxy: Proxy(), se:cdp: ws://localhost:65469/devtoo..., se:cdpVersion: 112.0.5615.140, setWindowRect: true, strictFileInteractability: false, timeouts: {implicit: 0, pageLoad: 300000, script: 30000}, unhandledPromptBehavior: dismiss and notify, webauthn:extension:credBlob: true, webauthn:extension:largeBlob: true, webauthn:extension:minPinLength: true, webauthn:extension:prf: true, webauthn:virtualAuthenticators: true}<br/>
Element: [[ChromeDriver: chrome on WINDOWS (706f251382855039c00a7cf9b9d9b5e4)] -&gt; xpath: //span[text()=&apos;My Account&apos;]]<br/>
Session ID: 706f251382855039c00a7cf9b9d9b5e4</b></a><br />
    <div class="stackTrace" id="exception-1">
              sun.reflect.NativeConstructorAccessorImpl.newInstance0(Native Method)<br />
              sun.reflect.NativeConstructorAccessorImpl.newInstance(NativeConstructorAccessorImpl.java:62)<br />
              sun.reflect.DelegatingConstructorAccessorImpl.newInstance(DelegatingConstructorAccessorImpl.java:45)<br />
              java.lang.reflect.Constructor.newInstance(Constructor.java:423)<br />
              org.openqa.selenium.remote.codec.w3c.W3CHttpResponseCodec.createException(W3CHttpResponseCodec.java:200)<br />
              org.openqa.selenium.remote.codec.w3c.W3CHttpResponseCodec.decode(W3CHttpResponseCodec.java:133)<br />
              org.openqa.selenium.remote.codec.w3c.W3CHttpResponseCodec.decode(W3CHttpResponseCodec.java:53)<br />
              org.openqa.selenium.remote.HttpCommandExecutor.execute(HttpCommandExecutor.java:193)<br />
              org.openqa.selenium.remote.service.DriverCommandExecutor.invokeExecute(DriverCommandExecutor.java:183)<br />
              org.openqa.selenium.remote.service.DriverCommandExecutor.execute(DriverCommandExecutor.java:158)<br />
              org.openqa.selenium.remote.RemoteWebDriver.execute(RemoteWebDriver.java:543)<br />
              org.openqa.selenium.remote.RemoteWebElement.execute(RemoteWebElement.java:257)<br />
              org.openqa.selenium.remote.RemoteWebElement.click(RemoteWebElement.java:78)<br />
              sun.reflect.NativeMethodAccessorImpl.invoke0(Native Method)<br />
              sun.reflect.NativeMethodAccessorImpl.invoke(NativeMethodAccessorImpl.java:62)<br />
              sun.reflect.DelegatingMethodAccessorImpl.invoke(DelegatingMethodAccessorImpl.java:43)<br />
              java.lang.reflect.Method.invoke(Method.java:498)<br />
              org.openqa.selenium.support.pagefactory.internal.LocatingElementHandler.invoke(LocatingElementHandler.java:52)<br />
              com.sun.proxy.$Proxy16.click(Unknown Source)<br />
              com.tutorialsninja.utility.Utilities.clickOnElement(Utilities.java:57)<br />
              com.tutorialsninja.pages.MyAccountsPage.clickOnMyAccountLink(MyAccountsPage.java:73)<br />
              com.tutorialsninja.testsuite.MyAccountsTest.verifyThatUserRegisterAccountSuccessfully(MyAccountsTest.java:55)<br />
              sun.reflect.NativeMethodAccessorImpl.invoke0(Native Method)<br />
              sun.reflect.NativeMethodAccessorImpl.invoke(NativeMethodAccessorImpl.java:62)<br />
              sun.reflect.DelegatingMethodAccessorImpl.invoke(DelegatingMethodAccessorImpl.java:43)<br />
              java.lang.reflect.Method.invoke(Method.java:498)<br />
              org.testng.internal.invokers.MethodInvocationHelper.invokeMethod(MethodInvocationHelper.java:135)<br />
              org.testng.internal.invokers.TestInvoker.invokeMethod(TestInvoker.java:673)<br />
              org.testng.internal.invokers.TestInvoker.invokeTestMethod(TestInvoker.java:220)<br />
              org.testng.internal.invokers.MethodRunner.runInSequence(MethodRunner.java:50)<br />
              org.testng.internal.invokers.TestInvoker$MethodInvocationAgent.invoke(TestInvoker.java:945)<br />
              org.testng.internal.invokers.TestInvoker.invokeTestMethods(TestInvoker.java:193)<br />
              org.testng.internal.invokers.TestMethodWorker.invokeTestMethods(TestMethodWorker.java:146)<br />
              org.testng.internal.invokers.TestMethodWorker.run(TestMethodWorker.java:128)<br />
              java.util.ArrayList.forEach(ArrayList.java:1249)<br />
              org.testng.TestRunner.privateRun(TestRunner.java:808)<br />
              org.testng.TestRunner.run(TestRunner.java:603)<br />
              org.testng.SuiteRunner.runTest(SuiteRunner.java:429)<br />
              org.testng.SuiteRunner.runSequentially(SuiteRunner.java:423)<br />
              org.testng.SuiteRunner.privateRun(SuiteRunner.java:383)<br />
              org.testng.SuiteRunner.run(SuiteRunner.java:326)<br />
              org.testng.SuiteRunnerWorker.runSuite(SuiteRunnerWorker.java:52)<br />
              org.testng.SuiteRunnerWorker.run(SuiteRunnerWorker.java:95)<br />
              org.testng.TestNG.runSuitesSequentially(TestNG.java:1249)<br />
              org.testng.TestNG.runSuitesLocally(TestNG.java:1169)<br />
              org.testng.TestNG.runSuites(TestNG.java:1092)<br />
              org.testng.TestNG.run(TestNG.java:1060)<br />
              com.intellij.rt.testng.IDEARemoteTestNG.run(IDEARemoteTestNG.java:66)<br />
              com.intellij.rt.testng.RemoteTestNGStarter.main(RemoteTestNGStarter.java:109)<br />
                </div>
      </td>
</tr>
<tr>
  <td class="method">
                  verifyThatUserShouldLoginAndLogoutSuccessfully
      </td>
  <td class="duration">
    3.493s
  </td>
  <td class="result">
        
    
            <div class="testOutput">
                        Click on My Account Link[[ChromeDriver: chrome on WINDOWS (bba62e555bf995a86ad8874f4914fb72)] -&gt; xpath: //span[text()=&apos;My Account&apos;]]<br />
                                Select My account option Login<br />
                                Email and Password <br />
                                Text from My Account[[ChromeDriver: chrome on WINDOWS (bba62e555bf995a86ad8874f4914fb72)] -&gt; xpath: //h2[text()=&apos;My Account&apos;]]<br />
                                Click on My Account Link[[ChromeDriver: chrome on WINDOWS (bba62e555bf995a86ad8874f4914fb72)] -&gt; xpath: //span[text()=&apos;My Account&apos;]]<br />
                  </div>
    

        <a href="javascript:toggleElement('exception-2', 'block')" title="Click to expand/collapse"><b>org.openqa.selenium.StaleElementReferenceException: stale element reference: element is not attached to the page document<br/>
&nbsp; (Session info: chrome=112.0.5615.140)<br/>
For documentation on this error, please visit: https://selenium.dev/exceptions/#stale_element_reference<br/>
Build info: version: &apos;4.9.0&apos;, revision: &apos;d7057100a6&apos;<br/>
System info: os.name: &apos;Windows 10&apos;, os.arch: &apos;amd64&apos;, os.version: &apos;10.0&apos;, java.version: &apos;1.8.0_121&apos;<br/>
Driver info: org.openqa.selenium.chrome.ChromeDriver<br/>
Command: [bba62e555bf995a86ad8874f4914fb72, clickElement {id=f0d68b75-0d8d-4b97-84a7-8d2fae1faef0}]<br/>
Capabilities {acceptInsecureCerts: false, browserName: chrome, browserVersion: 112.0.5615.140, chrome: {chromedriverVersion: 112.0.5615.49 (bd2a7bcb881c..., userDataDir: C:\Users\janih\AppData\Loca...}, goog:chromeOptions: {debuggerAddress: localhost:65511}, networkConnectionEnabled: false, pageLoadStrategy: normal, platformName: WINDOWS, proxy: Proxy(), se:cdp: ws://localhost:65511/devtoo..., se:cdpVersion: 112.0.5615.140, setWindowRect: true, strictFileInteractability: false, timeouts: {implicit: 0, pageLoad: 300000, script: 30000}, unhandledPromptBehavior: dismiss and notify, webauthn:extension:credBlob: true, webauthn:extension:largeBlob: true, webauthn:extension:minPinLength: true, webauthn:extension:prf: true, webauthn:virtualAuthenticators: true}<br/>
Element: [[ChromeDriver: chrome on WINDOWS (bba62e555bf995a86ad8874f4914fb72)] -&gt; xpath: //span[text()=&apos;My Account&apos;]]<br/>
Session ID: bba62e555bf995a86ad8874f4914fb72</b></a><br />
    <div class="stackTrace" id="exception-2">
              sun.reflect.NativeConstructorAccessorImpl.newInstance0(Native Method)<br />
              sun.reflect.NativeConstructorAccessorImpl.newInstance(NativeConstructorAccessorImpl.java:62)<br />
              sun.reflect.DelegatingConstructorAccessorImpl.newInstance(DelegatingConstructorAccessorImpl.java:45)<br />
              java.lang.reflect.Constructor.newInstance(Constructor.java:423)<br />
              org.openqa.selenium.remote.codec.w3c.W3CHttpResponseCodec.createException(W3CHttpResponseCodec.java:200)<br />
              org.openqa.selenium.remote.codec.w3c.W3CHttpResponseCodec.decode(W3CHttpResponseCodec.java:133)<br />
              org.openqa.selenium.remote.codec.w3c.W3CHttpResponseCodec.decode(W3CHttpResponseCodec.java:53)<br />
              org.openqa.selenium.remote.HttpCommandExecutor.execute(HttpCommandExecutor.java:193)<br />
              org.openqa.selenium.remote.service.DriverCommandExecutor.invokeExecute(DriverCommandExecutor.java:183)<br />
              org.openqa.selenium.remote.service.DriverCommandExecutor.execute(DriverCommandExecutor.java:158)<br />
              org.openqa.selenium.remote.RemoteWebDriver.execute(RemoteWebDriver.java:543)<br />
              org.openqa.selenium.remote.RemoteWebElement.execute(RemoteWebElement.java:257)<br />
              org.openqa.selenium.remote.RemoteWebElement.click(RemoteWebElement.java:78)<br />
              sun.reflect.GeneratedMethodAccessor2.invoke(Unknown Source)<br />
              sun.reflect.DelegatingMethodAccessorImpl.invoke(DelegatingMethodAccessorImpl.java:43)<br />
              java.lang.reflect.Method.invoke(Method.java:498)<br />
              org.openqa.selenium.support.pagefactory.internal.LocatingElementHandler.invoke(LocatingElementHandler.java:52)<br />
              com.sun.proxy.$Proxy16.click(Unknown Source)<br />
              com.tutorialsninja.utility.Utilities.clickOnElement(Utilities.java:57)<br />
              com.tutorialsninja.pages.MyAccountsPage.clickOnMyAccountLink(MyAccountsPage.java:73)<br />
              com.tutorialsninja.testsuite.MyAccountsTest.verifyThatUserShouldLoginAndLogoutSuccessfully(MyAccountsTest.java:75)<br />
              sun.reflect.NativeMethodAccessorImpl.invoke0(Native Method)<br />
              sun.reflect.NativeMethodAccessorImpl.invoke(NativeMethodAccessorImpl.java:62)<br />
              sun.reflect.DelegatingMethodAccessorImpl.invoke(DelegatingMethodAccessorImpl.java:43)<br />
              java.lang.reflect.Method.invoke(Method.java:498)<br />
              org.testng.internal.invokers.MethodInvocationHelper.invokeMethod(MethodInvocationHelper.java:135)<br />
              org.testng.internal.invokers.TestInvoker.invokeMethod(TestInvoker.java:673)<br />
              org.testng.internal.invokers.TestInvoker.invokeTestMethod(TestInvoker.java:220)<br />
              org.testng.internal.invokers.MethodRunner.runInSequence(MethodRunner.java:50)<br />
              org.testng.internal.invokers.TestInvoker$MethodInvocationAgent.invoke(TestInvoker.java:945)<br />
              org.testng.internal.invokers.TestInvoker.invokeTestMethods(TestInvoker.java:193)<br />
              org.testng.internal.invokers.TestMethodWorker.invokeTestMethods(TestMethodWorker.java:146)<br />
              org.testng.internal.invokers.TestMethodWorker.run(TestMethodWorker.java:128)<br />
              java.util.ArrayList.forEach(ArrayList.java:1249)<br />
              org.testng.TestRunner.privateRun(TestRunner.java:808)<br />
              org.testng.TestRunner.run(TestRunner.java:603)<br />
              org.testng.SuiteRunner.runTest(SuiteRunner.java:429)<br />
              org.testng.SuiteRunner.runSequentially(SuiteRunner.java:423)<br />
              org.testng.SuiteRunner.privateRun(SuiteRunner.java:383)<br />
              org.testng.SuiteRunner.run(SuiteRunner.java:326)<br />
              org.testng.SuiteRunnerWorker.runSuite(SuiteRunnerWorker.java:52)<br />
              org.testng.SuiteRunnerWorker.run(SuiteRunnerWorker.java:95)<br />
              org.testng.TestNG.runSuitesSequentially(TestNG.java:1249)<br />
              org.testng.TestNG.runSuitesLocally(TestNG.java:1169)<br />
              org.testng.TestNG.runSuites(TestNG.java:1092)<br />
              org.testng.TestNG.run(TestNG.java:1060)<br />
              com.intellij.rt.testng.IDEARemoteTestNG.run(IDEARemoteTestNG.java:66)<br />
              com.intellij.rt.testng.RemoteTestNGStarter.main(RemoteTestNGStarter.java:109)<br />
                </div>
      </td>
</tr>
      </table>


  <table class="resultsTable">
    <tr><th colspan="3" class="header passed">Passed Tests</th></tr>
          <tr>
        <td colspan="3" class="group">com.tutorialsninja.testsuite.DesktopsPageTest</td>
      </tr>
            
<tr>
  <td class="method">
                  verifyProductAddedToShoppingCartSuccessFully
      </td>
  <td class="duration">
    18.233s
  </td>
  <td class="result">
        
    
            <div class="testOutput">
                        Hover on desktop tabs and click[[ChromeDriver: chrome on WINDOWS (9b3c430d2e830087929c1ba86c8ffca0)] -&gt; xpath: //a[text()=&apos;Desktops&apos;]]<br />
                                Select menu and clickShow AllDesktops<br />
                                Click on Sort By Dropdown[[ChromeDriver: chrome on WINDOWS (9b3c430d2e830087929c1ba86c8ffca0)] -&gt; id: input-sort]<br />
                                Select name A to Z[[ChromeDriver: chrome on WINDOWS (9b3c430d2e830087929c1ba86c8ffca0)] -&gt; id: input-sort]<br />
                                Select HP product [[ChromeDriver: chrome on WINDOWS (9b3c430d2e830087929c1ba86c8ffca0)] -&gt; xpath: //a[text()=&apos;HP LP3065&apos;]]<br />
                                Text from HPLP3065[[ChromeDriver: chrome on WINDOWS (9b3c430d2e830087929c1ba86c8ffca0)] -&gt; css selector: #content h1]<br />
                                Quantity[[ChromeDriver: chrome on WINDOWS (9b3c430d2e830087929c1ba86c8ffca0)] -&gt; css selector: #input-quantity]<br />
                                Click on add to Cart[[ChromeDriver: chrome on WINDOWS (9b3c430d2e830087929c1ba86c8ffca0)] -&gt; css selector: #button-cart]<br />
                                Text Message Success[[ChromeDriver: chrome on WINDOWS (9b3c430d2e830087929c1ba86c8ffca0)] -&gt; css selector: .alert.alert-success.alert-dismissible]<br />
                                Click on Shopping cart link[[ChromeDriver: chrome on WINDOWS (9b3c430d2e830087929c1ba86c8ffca0)] -&gt; css selector: .alert.alert-success.alert-dismissible a:nth-of-type(2)]<br />
                                Text Shopping CartBy.cssSelector: #content&gt;h1<br />
                                Text Product nameBy.xpath: //*[@id=&quot;content&quot;]/form/div/table/tbody/tr/td[2]/a<br />
                                Text Delivery dateBy.xpath: //small[text()=&apos;Delivery Date:2022-11-30&apos;]<br />
                                Text ModelBy.xpath: //td[text()=&apos;Product 21&apos;]<br />
                                Text TotalBy.cssSelector: #content &gt; div.row &gt; div &gt; table &gt; tbody &gt; tr:nth-child(4) &gt; td:nth-child(2)<br />
                  </div>
    

      </td>
</tr>
<tr>
  <td class="method">
                  verifyProductArrangeInAlphaBaticalOrder
      </td>
  <td class="duration">
    5.012s
  </td>
  <td class="result">
        
    
            <div class="testOutput">
                        Hover on desktop tabs and click[[ChromeDriver: chrome on WINDOWS (be6c50115fe3faba491390eb20f145d0)] -&gt; xpath: //a[text()=&apos;Desktops&apos;]]<br />
                                Select menu and clickShow AllDesktops<br />
                                Click on Sort By Dropdown[[ChromeDriver: chrome on WINDOWS (be6c50115fe3faba491390eb20f145d0)] -&gt; id: input-sort]<br />
                                Select name Z to A[[ChromeDriver: chrome on WINDOWS (be6c50115fe3faba491390eb20f145d0)] -&gt; id: input-sort]<br />
                                Get elements sorted in reverse order[[ChromeDriver: chrome on WINDOWS (be6c50115fe3faba491390eb20f145d0)] -&gt; id: input-sort]<br />
                  </div>
    

      </td>
</tr>
          <tr>
        <td colspan="3" class="group">com.tutorialsninja.testsuite.HomePageTest</td>
      </tr>
            
<tr>
  <td class="method">
                  verifyUserShouldNavigateToComponentsPageSuccessfully
      </td>
  <td class="duration">
    1.484s
  </td>
  <td class="result">
        
    
            <div class="testOutput">
                        Hover on components and click[[ChromeDriver: chrome on WINDOWS (7261dc2a6d2ac6e48d821199307df924)] -&gt; xpath: //a[text()=&apos;Components&apos;]]<br />
                                Select menu and clickShow AllComponents<br />
                                Components Text [[ChromeDriver: chrome on WINDOWS (7261dc2a6d2ac6e48d821199307df924)] -&gt; css selector: #content h2]<br />
                  </div>
    

      </td>
</tr>
<tr>
  <td class="method">
                  verifyUserShouldNavigateToDesktopsPageSuccessfully
      </td>
  <td class="duration">
    4.964s
  </td>
  <td class="result">
        
    
            <div class="testOutput">
                        Hover on desktop tabs and click[[ChromeDriver: chrome on WINDOWS (820330347b3a9c9bba8a47c88c31f5d1)] -&gt; xpath: //a[text()=&apos;Desktops&apos;]]<br />
                                Select menu and clickShow AllDesktops<br />
                                Text from Desktops[[ChromeDriver: chrome on WINDOWS (820330347b3a9c9bba8a47c88c31f5d1)] -&gt; xpath: //h2]<br />
                  </div>
    

      </td>
</tr>
<tr>
  <td class="method">
                  verifyUserShouldNavigateToLaptopsAndNotebooksPageSuccessfully
      </td>
  <td class="duration">
    2.954s
  </td>
  <td class="result">
        
    
            <div class="testOutput">
                        Hover on laptops and click[[ChromeDriver: chrome on WINDOWS (49e08d666e55ce75d4b432af201767b3)] -&gt; xpath: //a[text()=&apos;Laptops &amp; Notebooks&apos;]]<br />
                                Select menu and clickShow AllLaptops &amp; Notebooks<br />
                                Text from Laptops and Notebooks[[ChromeDriver: chrome on WINDOWS (49e08d666e55ce75d4b432af201767b3)] -&gt; css selector: #content h2]<br />
                  </div>
    

      </td>
</tr>
          <tr>
        <td colspan="3" class="group">com.tutorialsninja.testsuite.LaptopsAndNotebooksTest</td>
      </tr>
            
<tr>
  <td class="method">
                  verifyProductsPriceDisplayHighToLowSuccessfully
      </td>
  <td class="duration">
    1.667s
  </td>
  <td class="result">
        
    
            <div class="testOutput">
                        Hover on laptops and click[[ChromeDriver: chrome on WINDOWS (97df489b1b819a747bff3f51d88a8aaf)] -&gt; xpath: //a[text()=&apos;Laptops &amp; Notebooks&apos;]]<br />
                                Select menu and clickShow AllLaptops &amp; Notebooks<br />
                                Text from Laptops and Notebooks[[ChromeDriver: chrome on WINDOWS (97df489b1b819a747bff3f51d88a8aaf)] -&gt; id: input-sort]<br />
                                Price High to Low[[ChromeDriver: chrome on WINDOWS (97df489b1b819a747bff3f51d88a8aaf)] -&gt; id: input-sort]<br />
                  </div>
    

      </td>
</tr>
          <tr>
        <td colspan="3" class="group">com.tutorialsninja.testsuite.MyAccountsTest</td>
      </tr>
            
<tr>
  <td class="method">
                  verifyUserShouldNavigateToLoginPageSuccessfully
      </td>
  <td class="duration">
    1.959s
  </td>
  <td class="result">
        
    
            <div class="testOutput">
                        Click on My Account Link[[ChromeDriver: chrome on WINDOWS (95346be18cf7a9ac628b3736b70759d2)] -&gt; xpath: //span[text()=&apos;My Account&apos;]]<br />
                                Select My account option Login<br />
                                Text from Returning Customer[[ChromeDriver: chrome on WINDOWS (95346be18cf7a9ac628b3736b70759d2)] -&gt; css selector: #content &gt; div &gt; div:nth-child(2) &gt; div &gt; h2]<br />
                  </div>
    

      </td>
</tr>
<tr>
  <td class="method">
                  verifyUserShouldNavigateToRegisterPageSuccessfully
      </td>
  <td class="duration">
    1.799s
  </td>
  <td class="result">
        
    
            <div class="testOutput">
                        Click on My Account Link[[ChromeDriver: chrome on WINDOWS (e0b8a468cc64853e69203f7d2ba13d32)] -&gt; xpath: //span[text()=&apos;My Account&apos;]]<br />
                                Select My account option Register<br />
                                Text from Register[[ChromeDriver: chrome on WINDOWS (e0b8a468cc64853e69203f7d2ba13d32)] -&gt; css selector: #content h1]<br />
                  </div>
    

      </td>
</tr>
      </table>
  
</body>
</html>
